<?xml version="1.0" encoding="UTF-8"?>
<testsuite xmlns:xsi="http://www.w3.org/2001/XMLSchema-instance" xsi:noNamespaceSchemaLocation="https://maven.apache.org/surefire/maven-surefire-plugin/xsd/surefire-test-report.xsd" name="CoderHotelClockSystemTest" time="0.029" tests="7" errors="0" skipped="0" failures="0">
  <properties>
[...]
</properties>
  <testcase name="addCityClockTest" classname="CoderHotelClockSystemTest" time="0.012"/>
  <testcase name="phoneClockTest" classname="CoderHotelClockSystemTest" time="0.002"/>
  <testcase name="moscowClockTest" classname="CoderHotelClockSystemTest" time="0.001"/>
  <testcase name="sydneyClockTest" classname="CoderHotelClockSystemTest" time="0"/>
  <testcase name="londonClockTest" classname="CoderHotelClockSystemTest" time="0.001"/>
  <testcase name="clockSystemTest" classname="CoderHotelClockSystemTest" time="0.001"/>
  <testcase name="newYorkClockTest" classname="CoderHotelClockSystemTest" time="0.001"/>
</testsuite>